  Eco fichier.cpp
C:\Users\malvesgama\Documents\GitHub\ecosysteme\Eco fichier\Eco fichier\Eco fichier.cpp(586,17): warning C4552: '-' : résultat de l'expression non utilisé
C:\Users\malvesgama\Documents\GitHub\ecosysteme\Eco fichier\Eco fichier\Eco fichier.cpp(590,17): warning C4552: '-' : résultat de l'expression non utilisé
C:\Users\malvesgama\Documents\GitHub\ecosysteme\Eco fichier\Eco fichier\Eco fichier.cpp(617,17): warning C4552: '-' : résultat de l'expression non utilisé
C:\Users\malvesgama\Documents\GitHub\ecosysteme\Eco fichier\Eco fichier\Eco fichier.cpp(621,17): warning C4552: '-' : résultat de l'expression non utilisé
C:\Users\malvesgama\Documents\GitHub\ecosysteme\Eco fichier\Eco fichier\Eco fichier.cpp(648,17): warning C4552: '-' : résultat de l'expression non utilisé
C:\Users\malvesgama\Documents\GitHub\ecosysteme\Eco fichier\Eco fichier\Eco fichier.cpp(652,17): warning C4552: '-' : résultat de l'expression non utilisé
C:\Users\malvesgama\Documents\GitHub\ecosysteme\Eco fichier\Eco fichier\Eco fichier.cpp(704,23): warning C4552: '-' : résultat de l'expression non utilisé
C:\Users\malvesgama\Documents\GitHub\ecosysteme\Eco fichier\Eco fichier\Eco fichier.cpp(705,22): warning C4552: '-' : résultat de l'expression non utilisé
C:\Users\malvesgama\Documents\GitHub\ecosysteme\Eco fichier\Eco fichier\Eco fichier.cpp(710,23): warning C4552: '-' : résultat de l'expression non utilisé
C:\Users\malvesgama\Documents\GitHub\ecosysteme\Eco fichier\Eco fichier\Eco fichier.cpp(711,22): warning C4552: '-' : résultat de l'expression non utilisé
C:\Users\malvesgama\Documents\GitHub\ecosysteme\Eco fichier\Eco fichier\Eco fichier.cpp(717,23): warning C4552: '-' : résultat de l'expression non utilisé
C:\Users\malvesgama\Documents\GitHub\ecosysteme\Eco fichier\Eco fichier\Eco fichier.cpp(718,22): warning C4552: '-' : résultat de l'expression non utilisé
C:\Users\malvesgama\Documents\GitHub\ecosysteme\Eco fichier\Eco fichier\Eco fichier.cpp(723,23): warning C4552: '-' : résultat de l'expression non utilisé
C:\Users\malvesgama\Documents\GitHub\ecosysteme\Eco fichier\Eco fichier\Eco fichier.cpp(724,22): warning C4552: '-' : résultat de l'expression non utilisé
C:\Users\malvesgama\Documents\GitHub\ecosysteme\Eco fichier\Eco fichier\Eco fichier.cpp(808,23): warning C4552: '-' : résultat de l'expression non utilisé
C:\Users\malvesgama\Documents\GitHub\ecosysteme\Eco fichier\Eco fichier\Eco fichier.cpp(809,22): warning C4552: '-' : résultat de l'expression non utilisé
C:\Users\malvesgama\Documents\GitHub\ecosysteme\Eco fichier\Eco fichier\Eco fichier.cpp(817,23): warning C4552: '-' : résultat de l'expression non utilisé
C:\Users\malvesgama\Documents\GitHub\ecosysteme\Eco fichier\Eco fichier\Eco fichier.cpp(818,22): warning C4552: '-' : résultat de l'expression non utilisé
C:\Users\malvesgama\Documents\GitHub\ecosysteme\Eco fichier\Eco fichier\Eco fichier.cpp(826,23): warning C4552: '-' : résultat de l'expression non utilisé
C:\Users\malvesgama\Documents\GitHub\ecosysteme\Eco fichier\Eco fichier\Eco fichier.cpp(827,22): warning C4552: '-' : résultat de l'expression non utilisé
C:\Users\malvesgama\Documents\GitHub\ecosysteme\Eco fichier\Eco fichier\Eco fichier.cpp(835,23): warning C4552: '-' : résultat de l'expression non utilisé
C:\Users\malvesgama\Documents\GitHub\ecosysteme\Eco fichier\Eco fichier\Eco fichier.cpp(836,22): warning C4552: '-' : résultat de l'expression non utilisé
C:\Users\malvesgama\Documents\GitHub\ecosysteme\Eco fichier\Eco fichier\Eco fichier.cpp(839,23): warning C4552: '-' : résultat de l'expression non utilisé
C:\Users\malvesgama\Documents\GitHub\ecosysteme\Eco fichier\Eco fichier\Eco fichier.cpp(840,22): warning C4552: '-' : résultat de l'expression non utilisé
C:\Users\malvesgama\Documents\GitHub\ecosysteme\Eco fichier\Eco fichier\Eco fichier.cpp(851,12): warning C4244: 'argument' : conversion de 'time_t' en 'unsigned int', perte possible de données
C:\Users\malvesgama\Documents\GitHub\ecosysteme\Eco fichier\Eco fichier\Eco fichier.cpp(697): warning C4715: 'check' : les chemins de contrôle ne retournent pas tous une valeur
C:\Users\malvesgama\Documents\GitHub\ecosysteme\Eco fichier\Eco fichier\Eco fichier.cpp(533): warning C4715: 'Jeu::NbAnimaux' : les chemins de contrôle ne retournent pas tous une valeur
  Eco fichier.vcxproj -> C:\Users\malvesgama\Documents\GitHub\ecosysteme\Eco fichier\x64\Debug\Eco fichier.exe
